[2017-10-06 08:55:53] local.INFO: Admin admin accesses to the list surveys page.  
[2017-10-06 08:55:55] local.INFO: Admin admin accesses to statistic page of 
Khảo sát môn học cuối học kỳ .  
[2017-10-06 08:55:58] local.INFO: Admin admin accesses to statistic page of 
Khảo sát môn học cuối học kỳ and Hệ thống vi xử lý .  
[2017-10-06 09:01:34] local.INFO: Admin admin accesses to statistic page of 
Khảo sát môn học cuối học kỳ and Hệ thống vi xử lý .  
[2017-10-06 09:01:56] local.INFO: Admin admin accesses to statistic page of 
Khảo sát môn học cuối học kỳ and Hệ thống vi xử lý .  
[2017-10-06 13:43:59] local.INFO: Admin admin log in successful with email admin@admin.com using IP:127.0.0.1.  
[2017-10-06 13:44:00] local.INFO: Admin admin accesses to home page.  
[2017-10-06 13:44:04] local.INFO: Admin admin accesses to the list surveys page.  
[2017-10-06 13:44:06] local.INFO: Admin admin accesses to statistic page of 
Khảo sát môn học cuối học kỳ .  
[2017-10-06 13:55:31] local.INFO: Admin admin accesses to statistic page of 
Khảo sát môn học cuối học kỳ .  
[2017-10-06 13:55:46] local.INFO: Admin admin accesses to statistic page of 
Khảo sát môn học cuối học kỳ .  
[2017-10-06 14:01:33] local.INFO: Admin admin accesses to statistic page of 
Khảo sát môn học cuối học kỳ .  
[2017-10-06 14:02:38] local.INFO: Admin admin accesses to statistic page of 
Khảo sát môn học cuối học kỳ .  
[2017-10-06 14:02:40] local.INFO: Admin admin accesses to statistic page of 
Khảo sát môn học cuối học kỳ .  
[2017-10-06 14:03:59] local.INFO: Admin admin accesses to statistic page of 
Khảo sát môn học cuối học kỳ .  
[2017-10-06 14:29:27] local.INFO: Admin admin accesses to statistic page of 
Khảo sát môn học cuối học kỳ .  
[2017-10-06 14:29:45] local.INFO: Admin admin accesses to statistic page of 
Khảo sát môn học cuối học kỳ .  
[2017-10-06 14:30:54] local.INFO: Admin admin accesses to statistic page of 
Khảo sát môn học cuối học kỳ .  
[2017-10-06 14:31:44] local.INFO: Admin admin accesses to statistic page of 
Khảo sát môn học cuối học kỳ .  
[2017-10-06 14:31:58] local.INFO: Admin admin accesses to list subjects page of Khoa Công Nghệ Thông Tin .  
[2017-10-06 14:32:09] local.INFO: Admin admin adds survey to all subject of this faculty.  
[2017-10-06 14:32:10] local.INFO: Admin admin accesses to list subjects page of Khoa Công Nghệ Thông Tin .  
[2017-10-06 14:32:13] local.INFO: Admin admin accesses to list subjects page of Khoa Điện Tử Viễn Thông .  
[2017-10-06 14:32:18] local.INFO: Admin admin accesses to list subjects page of Khoa Điện Tử Viễn Thông .  
[2017-10-06 14:32:20] local.INFO: Admin admin accesses to list subjects page of Khoa Cơ Học Kỹ Thuật .  
[2017-10-06 14:32:29] local.INFO: Admin admin adds survey to all subject of this faculty.  
[2017-10-06 14:32:29] local.INFO: Admin admin accesses to list subjects page of Khoa Cơ Học Kỹ Thuật .  
[2017-10-06 14:32:33] local.INFO: Admin admin accesses to the list surveys page.  
[2017-10-06 14:32:33] local.ERROR: Illuminate\Routing\Exceptions\UrlGenerationException: Missing required parameters for [Route: survey.statistic] [URI: survey/{id}/statistic/category/{cat_id}]. in D:\KLTN\UETSurvey\vendor\laravel\framework\src\Illuminate\Routing\Exceptions\UrlGenerationException.php:17
Stack trace:
#0 D:\KLTN\UETSurvey\vendor\laravel\framework\src\Illuminate\Routing\RouteUrlGenerator.php(90): Illuminate\Routing\Exceptions\UrlGenerationException::forMissingParameters(Object(Illuminate\Routing\Route))
#1 D:\KLTN\UETSurvey\vendor\laravel\framework\src\Illuminate\Routing\UrlGenerator.php(320): Illuminate\Routing\RouteUrlGenerator->to(Object(Illuminate\Routing\Route), Array, true)
#2 D:\KLTN\UETSurvey\vendor\laravel\framework\src\Illuminate\Routing\UrlGenerator.php(301): Illuminate\Routing\UrlGenerator->toRoute(Object(Illuminate\Routing\Route), 1, true)
#3 D:\KLTN\UETSurvey\vendor\laravel\framework\src\Illuminate\Foundation\helpers.php(709): Illuminate\Routing\UrlGenerator->route('survey.statisti...', 1, true)
#4 D:\KLTN\UETSurvey\storage\framework\views\2c163c0a88bab431449f390db8bd74f24839ade2.php(36): route('survey.statisti...', 1)
#5 D:\KLTN\UETSurvey\vendor\laravel\framework\src\Illuminate\View\Engines\PhpEngine.php(42): include('D:\\KLTN\\UETSurv...')
#6 D:\KLTN\UETSurvey\vendor\laravel\framework\src\Illuminate\View\Engines\CompilerEngine.php(59): Illuminate\View\Engines\PhpEngine->evaluatePath('D:\\KLTN\\UETSurv...', Array)
#7 D:\KLTN\UETSurvey\vendor\laravel\framework\src\Illuminate\View\View.php(137): Illuminate\View\Engines\CompilerEngine->get('D:\\KLTN\\UETSurv...', Array)
#8 D:\KLTN\UETSurvey\vendor\laravel\framework\src\Illuminate\View\View.php(120): Illuminate\View\View->getContents()
#9 D:\KLTN\UETSurvey\vendor\laravel\framework\src\Illuminate\View\View.php(85): Illuminate\View\View->renderContents()
#10 D:\KLTN\UETSurvey\vendor\laravel\framework\src\Illuminate\Http\Response.php(38): Illuminate\View\View->render()
#11 D:\KLTN\UETSurvey\vendor\symfony\http-foundation\Response.php(201): Illuminate\Http\Response->setContent(Object(Illuminate\View\View))
#12 D:\KLTN\UETSurvey\vendor\laravel\framework\src\Illuminate\Routing\Router.php(615): Symfony\Component\HttpFoundation\Response->__construct(Object(Illuminate\View\View))
#13 D:\KLTN\UETSurvey\vendor\laravel\framework\src\Illuminate\Routing\Router.php(572): Illuminate\Routing\Router->prepareResponse(Object(Illuminate\Http\Request), Object(Illuminate\View\View))
#14 D:\KLTN\UETSurvey\vendor\laravel\framework\src\Illuminate\Routing\Pipeline.php(30): Illuminate\Routing\Router->Illuminate\Routing\{closure}(Object(Illuminate\Http\Request))
#15 D:\KLTN\UETSurvey\app\Http\Middleware\CheckAuth.php(27): Illuminate\Routing\Pipeline->Illuminate\Routing\{closure}(Object(Illuminate\Http\Request))
#16 D:\KLTN\UETSurvey\vendor\laravel\framework\src\Illuminate\Pipeline\Pipeline.php(148): App\Http\Middleware\CheckAuth->handle(Object(Illuminate\Http\Request), Object(Closure))
#17 D:\KLTN\UETSurvey\vendor\laravel\framework\src\Illuminate\Routing\Pipeline.php(53): Illuminate\Pipeline\Pipeline->Illuminate\Pipeline\{closure}(Object(Illuminate\Http\Request))
#18 D:\KLTN\UETSurvey\vendor\laravel\framework\src\Illuminate\Routing\Middleware\SubstituteBindings.php(41): Illuminate\Routing\Pipeline->Illuminate\Routing\{closure}(Object(Illuminate\Http\Request))
#19 D:\KLTN\UETSurvey\vendor\laravel\framework\src\Illuminate\Pipeline\Pipeline.php(148): Illuminate\Routing\Middleware\SubstituteBindings->handle(Object(Illuminate\Http\Request), Object(Closure))
#20 D:\KLTN\UETSurvey\vendor\laravel\framework\src\Illuminate\Routing\Pipeline.php(53): Illuminate\Pipeline\Pipeline->Illuminate\Pipeline\{closure}(Object(Illuminate\Http\Request))
#21 D:\KLTN\UETSurvey\vendor\laravel\framework\src\Illuminate\Foundation\Http\Middleware\VerifyCsrfToken.php(65): Illuminate\Routing\Pipeline->Illuminate\Routing\{closure}(Object(Illuminate\Http\Request))
#22 D:\KLTN\UETSurvey\vendor\laravel\framework\src\Illuminate\Pipeline\Pipeline.php(148): Illuminate\Foundation\Http\Middleware\VerifyCsrfToken->handle(Object(Illuminate\Http\Request), Object(Closure))
#23 D:\KLTN\UETSurvey\vendor\laravel\framework\src\Illuminate\Routing\Pipeline.php(53): Illuminate\Pipeline\Pipeline->Illuminate\Pipeline\{closure}(Object(Illuminate\Http\Request))
#24 D:\KLTN\UETSurvey\vendor\laravel\framework\src\Illuminate\View\Middleware\ShareErrorsFromSession.php(49): Illuminate\Routing\Pipeline->Illuminate\Routing\{closure}(Object(Illuminate\Http\Request))
#25 D:\KLTN\UETSurvey\vendor\laravel\framework\src\Illuminate\Pipeline\Pipeline.php(148): Illuminate\View\Middleware\ShareErrorsFromSession->handle(Object(Illuminate\Http\Request), Object(Closure))
#26 D:\KLTN\UETSurvey\vendor\laravel\framework\src\Illuminate\Routing\Pipeline.php(53): Illuminate\Pipeline\Pipeline->Illuminate\Pipeline\{closure}(Object(Illuminate\Http\Request))
#27 D:\KLTN\UETSurvey\vendor\laravel\framework\src\Illuminate\Session\Middleware\StartSession.php(64): Illuminate\Routing\Pipeline->Illuminate\Routing\{closure}(Object(Illuminate\Http\Request))
#28 D:\KLTN\UETSurvey\vendor\laravel\framework\src\Illuminate\Pipeline\Pipeline.php(148): Illuminate\Session\Middleware\StartSession->handle(Object(Illuminate\Http\Request), Object(Closure))
#29 D:\KLTN\UETSurvey\vendor\laravel\framework\src\Illuminate\Routing\Pipeline.php(53): Illuminate\Pipeline\Pipeline->Illuminate\Pipeline\{closure}(Object(Illuminate\Http\Request))
#30 D:\KLTN\UETSurvey\vendor\laravel\framework\src\Illuminate\Cookie\Middleware\AddQueuedCookiesToResponse.php(37): Illuminate\Routing\Pipeline->Illuminate\Routing\{closure}(Object(Illuminate\Http\Request))
#31 D:\KLTN\UETSurvey\vendor\laravel\framework\src\Illuminate\Pipeline\Pipeline.php(148): Illuminate\Cookie\Middleware\AddQueuedCookiesToResponse->handle(Object(Illuminate\Http\Request), Object(Closure))
#32 D:\KLTN\UETSurvey\vendor\laravel\framework\src\Illuminate\Routing\Pipeline.php(53): Illuminate\Pipeline\Pipeline->Illuminate\Pipeline\{closure}(Object(Illuminate\Http\Request))
#33 D:\KLTN\UETSurvey\vendor\laravel\framework\src\Illuminate\Cookie\Middleware\EncryptCookies.php(59): Illuminate\Routing\Pipeline->Illuminate\Routing\{closure}(Object(Illuminate\Http\Request))
#34 D:\KLTN\UETSurvey\vendor\laravel\framework\src\Illuminate\Pipeline\Pipeline.php(148): Illuminate\Cookie\Middleware\EncryptCookies->handle(Object(Illuminate\Http\Request), Object(Closure))
#35 D:\KLTN\UETSurvey\vendor\laravel\framework\src\Illuminate\Routing\Pipeline.php(53): Illuminate\Pipeline\Pipeline->Illuminate\Pipeline\{closure}(Object(Illuminate\Http\Request))
#36 D:\KLTN\UETSurvey\vendor\laravel\framework\src\Illuminate\Pipeline\Pipeline.php(102): Illuminate\Routing\Pipeline->Illuminate\Routing\{closure}(Object(Illuminate\Http\Request))
#37 D:\KLTN\UETSurvey\vendor\laravel\framework\src\Illuminate\Routing\Router.php(574): Illuminate\Pipeline\Pipeline->then(Object(Closure))
#38 D:\KLTN\UETSurvey\vendor\laravel\framework\src\Illuminate\Routing\Router.php(533): Illuminate\Routing\Router->runRouteWithinStack(Object(Illuminate\Routing\Route), Object(Illuminate\Http\Request))
#39 D:\KLTN\UETSurvey\vendor\laravel\framework\src\Illuminate\Routing\Router.php(511): Illuminate\Routing\Router->dispatchToRoute(Object(Illuminate\Http\Request))
#40 D:\KLTN\UETSurvey\vendor\laravel\framework\src\Illuminate\Foundation\Http\Kernel.php(176): Illuminate\Routing\Router->dispatch(Object(Illuminate\Http\Request))
#41 D:\KLTN\UETSurvey\vendor\laravel\framework\src\Illuminate\Routing\Pipeline.php(30): Illuminate\Foundation\Http\Kernel->Illuminate\Foundation\Http\{closure}(Object(Illuminate\Http\Request))
#42 D:\KLTN\UETSurvey\vendor\laravel\framework\src\Illuminate\Foundation\Http\Middleware\TransformsRequest.php(30): Illuminate\Routing\Pipeline->Illuminate\Routing\{closure}(Object(Illuminate\Http\Request))
#43 D:\KLTN\UETSurvey\vendor\laravel\framework\src\Illuminate\Pipeline\Pipeline.php(148): Illuminate\Foundation\Http\Middleware\TransformsRequest->handle(Object(Illuminate\Http\Request), Object(Closure))
#44 D:\KLTN\UETSurvey\vendor\laravel\framework\src\Illuminate\Routing\Pipeline.php(53): Illuminate\Pipeline\Pipeline->Illuminate\Pipeline\{closure}(Object(Illuminate\Http\Request))
#45 D:\KLTN\UETSurvey\vendor\laravel\framework\src\Illuminate\Foundation\Http\Middleware\TransformsRequest.php(30): Illuminate\Routing\Pipeline->Illuminate\Routing\{closure}(Object(Illuminate\Http\Request))
#46 D:\KLTN\UETSurvey\vendor\laravel\framework\src\Illuminate\Pipeline\Pipeline.php(148): Illuminate\Foundation\Http\Middleware\TransformsRequest->handle(Object(Illuminate\Http\Request), Object(Closure))
#47 D:\KLTN\UETSurvey\vendor\laravel\framework\src\Illuminate\Routing\Pipeline.php(53): Illuminate\Pipeline\Pipeline->Illuminate\Pipeline\{closure}(Object(Illuminate\Http\Request))
#48 D:\KLTN\UETSurvey\vendor\laravel\framework\src\Illuminate\Foundation\Http\Middleware\ValidatePostSize.php(27): Illuminate\Routing\Pipeline->Illuminate\Routing\{closure}(Object(Illuminate\Http\Request))
#49 D:\KLTN\UETSurvey\vendor\laravel\framework\src\Illuminate\Pipeline\Pipeline.php(148): Illuminate\Foundation\Http\Middleware\ValidatePostSize->handle(Object(Illuminate\Http\Request), Object(Closure))
#50 D:\KLTN\UETSurvey\vendor\laravel\framework\src\Illuminate\Routing\Pipeline.php(53): Illuminate\Pipeline\Pipeline->Illuminate\Pipeline\{closure}(Object(Illuminate\Http\Request))
#51 D:\KLTN\UETSurvey\vendor\laravel\framework\src\Illuminate\Foundation\Http\Middleware\CheckForMaintenanceMode.php(46): Illuminate\Routing\Pipeline->Illuminate\Routing\{closure}(Object(Illuminate\Http\Request))
#52 D:\KLTN\UETSurvey\vendor\laravel\framework\src\Illuminate\Pipeline\Pipeline.php(148): Illuminate\Foundation\Http\Middleware\CheckForMaintenanceMode->handle(Object(Illuminate\Http\Request), Object(Closure))
#53 D:\KLTN\UETSurvey\vendor\laravel\framework\src\Illuminate\Routing\Pipeline.php(53): Illuminate\Pipeline\Pipeline->Illuminate\Pipeline\{closure}(Object(Illuminate\Http\Request))
#54 D:\KLTN\UETSurvey\vendor\laravel\framework\src\Illuminate\Pipeline\Pipeline.php(102): Illuminate\Routing\Pipeline->Illuminate\Routing\{closure}(Object(Illuminate\Http\Request))
#55 D:\KLTN\UETSurvey\vendor\laravel\framework\src\Illuminate\Foundation\Http\Kernel.php(151): Illuminate\Pipeline\Pipeline->then(Object(Closure))
#56 D:\KLTN\UETSurvey\vendor\laravel\framework\src\Illuminate\Foundation\Http\Kernel.php(116): Illuminate\Foundation\Http\Kernel->sendRequestThroughRouter(Object(Illuminate\Http\Request))
#57 D:\KLTN\UETSurvey\public\index.php(53): Illuminate\Foundation\Http\Kernel->handle(Object(Illuminate\Http\Request))
#58 {main}

Next ErrorException: Missing required parameters for [Route: survey.statistic] [URI: survey/{id}/statistic/category/{cat_id}]. (View: D:\KLTN\UETSurvey\resources\views\admin\survey\list.blade.php) in D:\KLTN\UETSurvey\vendor\laravel\framework\src\Illuminate\Routing\Exceptions\UrlGenerationException.php:17
Stack trace:
#0 D:\KLTN\UETSurvey\vendor\laravel\framework\src\Illuminate\View\Engines\PhpEngine.php(44): Illuminate\View\Engines\CompilerEngine->handleViewException(Object(Illuminate\Routing\Exceptions\UrlGenerationException), 1)
#1 D:\KLTN\UETSurvey\vendor\laravel\framework\src\Illuminate\View\Engines\CompilerEngine.php(59): Illuminate\View\Engines\PhpEngine->evaluatePath('D:\\KLTN\\UETSurv...', Array)
#2 D:\KLTN\UETSurvey\vendor\laravel\framework\src\Illuminate\View\View.php(137): Illuminate\View\Engines\CompilerEngine->get('D:\\KLTN\\UETSurv...', Array)
#3 D:\KLTN\UETSurvey\vendor\laravel\framework\src\Illuminate\View\View.php(120): Illuminate\View\View->getContents()
#4 D:\KLTN\UETSurvey\vendor\laravel\framework\src\Illuminate\View\View.php(85): Illuminate\View\View->renderContents()
#5 D:\KLTN\UETSurvey\vendor\laravel\framework\src\Illuminate\Http\Response.php(38): Illuminate\View\View->render()
#6 D:\KLTN\UETSurvey\vendor\symfony\http-foundation\Response.php(201): Illuminate\Http\Response->setContent(Object(Illuminate\View\View))
#7 D:\KLTN\UETSurvey\vendor\laravel\framework\src\Illuminate\Routing\Router.php(615): Symfony\Component\HttpFoundation\Response->__construct(Object(Illuminate\View\View))
#8 D:\KLTN\UETSurvey\vendor\laravel\framework\src\Illuminate\Routing\Router.php(572): Illuminate\Routing\Router->prepareResponse(Object(Illuminate\Http\Request), Object(Illuminate\View\View))
#9 D:\KLTN\UETSurvey\vendor\laravel\framework\src\Illuminate\Routing\Pipeline.php(30): Illuminate\Routing\Router->Illuminate\Routing\{closure}(Object(Illuminate\Http\Request))
#10 D:\KLTN\UETSurvey\app\Http\Middleware\CheckAuth.php(27): Illuminate\Routing\Pipeline->Illuminate\Routing\{closure}(Object(Illuminate\Http\Request))
#11 D:\KLTN\UETSurvey\vendor\laravel\framework\src\Illuminate\Pipeline\Pipeline.php(148): App\Http\Middleware\CheckAuth->handle(Object(Illuminate\Http\Request), Object(Closure))
#12 D:\KLTN\UETSurvey\vendor\laravel\framework\src\Illuminate\Routing\Pipeline.php(53): Illuminate\Pipeline\Pipeline->Illuminate\Pipeline\{closure}(Object(Illuminate\Http\Request))
#13 D:\KLTN\UETSurvey\vendor\laravel\framework\src\Illuminate\Routing\Middleware\SubstituteBindings.php(41): Illuminate\Routing\Pipeline->Illuminate\Routing\{closure}(Object(Illuminate\Http\Request))
#14 D:\KLTN\UETSurvey\vendor\laravel\framework\src\Illuminate\Pipeline\Pipeline.php(148): Illuminate\Routing\Middleware\SubstituteBindings->handle(Object(Illuminate\Http\Request), Object(Closure))
#15 D:\KLTN\UETSurvey\vendor\laravel\framework\src\Illuminate\Routing\Pipeline.php(53): Illuminate\Pipeline\Pipeline->Illuminate\Pipeline\{closure}(Object(Illuminate\Http\Request))
#16 D:\KLTN\UETSurvey\vendor\laravel\framework\src\Illuminate\Foundation\Http\Middleware\VerifyCsrfToken.php(65): Illuminate\Routing\Pipeline->Illuminate\Routing\{closure}(Object(Illuminate\Http\Request))
#17 D:\KLTN\UETSurvey\vendor\laravel\framework\src\Illuminate\Pipeline\Pipeline.php(148): Illuminate\Foundation\Http\Middleware\VerifyCsrfToken->handle(Object(Illuminate\Http\Request), Object(Closure))
#18 D:\KLTN\UETSurvey\vendor\laravel\framework\src\Illuminate\Routing\Pipeline.php(53): Illuminate\Pipeline\Pipeline->Illuminate\Pipeline\{closure}(Object(Illuminate\Http\Request))
#19 D:\KLTN\UETSurvey\vendor\laravel\framework\src\Illuminate\View\Middleware\ShareErrorsFromSession.php(49): Illuminate\Routing\Pipeline->Illuminate\Routing\{closure}(Object(Illuminate\Http\Request))
#20 D:\KLTN\UETSurvey\vendor\laravel\framework\src\Illuminate\Pipeline\Pipeline.php(148): Illuminate\View\Middleware\ShareErrorsFromSession->handle(Object(Illuminate\Http\Request), Object(Closure))
#21 D:\KLTN\UETSurvey\vendor\laravel\framework\src\Illuminate\Routing\Pipeline.php(53): Illuminate\Pipeline\Pipeline->Illuminate\Pipeline\{closure}(Object(Illuminate\Http\Request))
#22 D:\KLTN\UETSurvey\vendor\laravel\framework\src\Illuminate\Session\Middleware\StartSession.php(64): Illuminate\Routing\Pipeline->Illuminate\Routing\{closure}(Object(Illuminate\Http\Request))
#23 D:\KLTN\UETSurvey\vendor\laravel\framework\src\Illuminate\Pipeline\Pipeline.php(148): Illuminate\Session\Middleware\StartSession->handle(Object(Illuminate\Http\Request), Object(Closure))
#24 D:\KLTN\UETSurvey\vendor\laravel\framework\src\Illuminate\Routing\Pipeline.php(53): Illuminate\Pipeline\Pipeline->Illuminate\Pipeline\{closure}(Object(Illuminate\Http\Request))
#25 D:\KLTN\UETSurvey\vendor\laravel\framework\src\Illuminate\Cookie\Middleware\AddQueuedCookiesToResponse.php(37): Illuminate\Routing\Pipeline->Illuminate\Routing\{closure}(Object(Illuminate\Http\Request))
#26 D:\KLTN\UETSurvey\vendor\laravel\framework\src\Illuminate\Pipeline\Pipeline.php(148): Illuminate\Cookie\Middleware\AddQueuedCookiesToResponse->handle(Object(Illuminate\Http\Request), Object(Closure))
#27 D:\KLTN\UETSurvey\vendor\laravel\framework\src\Illuminate\Routing\Pipeline.php(53): Illuminate\Pipeline\Pipeline->Illuminate\Pipeline\{closure}(Object(Illuminate\Http\Request))
#28 D:\KLTN\UETSurvey\vendor\laravel\framework\src\Illuminate\Cookie\Middleware\EncryptCookies.php(59): Illuminate\Routing\Pipeline->Illuminate\Routing\{closure}(Object(Illuminate\Http\Request))
#29 D:\KLTN\UETSurvey\vendor\laravel\framework\src\Illuminate\Pipeline\Pipeline.php(148): Illuminate\Cookie\Middleware\EncryptCookies->handle(Object(Illuminate\Http\Request), Object(Closure))
#30 D:\KLTN\UETSurvey\vendor\laravel\framework\src\Illuminate\Routing\Pipeline.php(53): Illuminate\Pipeline\Pipeline->Illuminate\Pipeline\{closure}(Object(Illuminate\Http\Request))
#31 D:\KLTN\UETSurvey\vendor\laravel\framework\src\Illuminate\Pipeline\Pipeline.php(102): Illuminate\Routing\Pipeline->Illuminate\Routing\{closure}(Object(Illuminate\Http\Request))
#32 D:\KLTN\UETSurvey\vendor\laravel\framework\src\Illuminate\Routing\Router.php(574): Illuminate\Pipeline\Pipeline->then(Object(Closure))
#33 D:\KLTN\UETSurvey\vendor\laravel\framework\src\Illuminate\Routing\Router.php(533): Illuminate\Routing\Router->runRouteWithinStack(Object(Illuminate\Routing\Route), Object(Illuminate\Http\Request))
#34 D:\KLTN\UETSurvey\vendor\laravel\framework\src\Illuminate\Routing\Router.php(511): Illuminate\Routing\Router->dispatchToRoute(Object(Illuminate\Http\Request))
#35 D:\KLTN\UETSurvey\vendor\laravel\framework\src\Illuminate\Foundation\Http\Kernel.php(176): Illuminate\Routing\Router->dispatch(Object(Illuminate\Http\Request))
#36 D:\KLTN\UETSurvey\vendor\laravel\framework\src\Illuminate\Routing\Pipeline.php(30): Illuminate\Foundation\Http\Kernel->Illuminate\Foundation\Http\{closure}(Object(Illuminate\Http\Request))
#37 D:\KLTN\UETSurvey\vendor\laravel\framework\src\Illuminate\Foundation\Http\Middleware\TransformsRequest.php(30): Illuminate\Routing\Pipeline->Illuminate\Routing\{closure}(Object(Illuminate\Http\Request))
#38 D:\KLTN\UETSurvey\vendor\laravel\framework\src\Illuminate\Pipeline\Pipeline.php(148): Illuminate\Foundation\Http\Middleware\TransformsRequest->handle(Object(Illuminate\Http\Request), Object(Closure))
#39 D:\KLTN\UETSurvey\vendor\laravel\framework\src\Illuminate\Routing\Pipeline.php(53): Illuminate\Pipeline\Pipeline->Illuminate\Pipeline\{closure}(Object(Illuminate\Http\Request))
#40 D:\KLTN\UETSurvey\vendor\laravel\framework\src\Illuminate\Foundation\Http\Middleware\TransformsRequest.php(30): Illuminate\Routing\Pipeline->Illuminate\Routing\{closure}(Object(Illuminate\Http\Request))
#41 D:\KLTN\UETSurvey\vendor\laravel\framework\src\Illuminate\Pipeline\Pipeline.php(148): Illuminate\Foundation\Http\Middleware\TransformsRequest->handle(Object(Illuminate\Http\Request), Object(Closure))
#42 D:\KLTN\UETSurvey\vendor\laravel\framework\src\Illuminate\Routing\Pipeline.php(53): Illuminate\Pipeline\Pipeline->Illuminate\Pipeline\{closure}(Object(Illuminate\Http\Request))
#43 D:\KLTN\UETSurvey\vendor\laravel\framework\src\Illuminate\Foundation\Http\Middleware\ValidatePostSize.php(27): Illuminate\Routing\Pipeline->Illuminate\Routing\{closure}(Object(Illuminate\Http\Request))
#44 D:\KLTN\UETSurvey\vendor\laravel\framework\src\Illuminate\Pipeline\Pipeline.php(148): Illuminate\Foundation\Http\Middleware\ValidatePostSize->handle(Object(Illuminate\Http\Request), Object(Closure))
#45 D:\KLTN\UETSurvey\vendor\laravel\framework\src\Illuminate\Routing\Pipeline.php(53): Illuminate\Pipeline\Pipeline->Illuminate\Pipeline\{closure}(Object(Illuminate\Http\Request))
#46 D:\KLTN\UETSurvey\vendor\laravel\framework\src\Illuminate\Foundation\Http\Middleware\CheckForMaintenanceMode.php(46): Illuminate\Routing\Pipeline->Illuminate\Routing\{closure}(Object(Illuminate\Http\Request))
#47 D:\KLTN\UETSurvey\vendor\laravel\framework\src\Illuminate\Pipeline\Pipeline.php(148): Illuminate\Foundation\Http\Middleware\CheckForMaintenanceMode->handle(Object(Illuminate\Http\Request), Object(Closure))
#48 D:\KLTN\UETSurvey\vendor\laravel\framework\src\Illuminate\Routing\Pipeline.php(53): Illuminate\Pipeline\Pipeline->Illuminate\Pipeline\{closure}(Object(Illuminate\Http\Request))
#49 D:\KLTN\UETSurvey\vendor\laravel\framework\src\Illuminate\Pipeline\Pipeline.php(102): Illuminate\Routing\Pipeline->Illuminate\Routing\{closure}(Object(Illuminate\Http\Request))
#50 D:\KLTN\UETSurvey\vendor\laravel\framework\src\Illuminate\Foundation\Http\Kernel.php(151): Illuminate\Pipeline\Pipeline->then(Object(Closure))
#51 D:\KLTN\UETSurvey\vendor\laravel\framework\src\Illuminate\Foundation\Http\Kernel.php(116): Illuminate\Foundation\Http\Kernel->sendRequestThroughRouter(Object(Illuminate\Http\Request))
#52 D:\KLTN\UETSurvey\public\index.php(53): Illuminate\Foundation\Http\Kernel->handle(Object(Illuminate\Http\Request))
#53 {main}  
[2017-10-06 14:34:46] local.INFO: Admin admin accesses to list subjects page of Khoa Cơ Học Kỹ Thuật .  
[2017-10-06 14:35:10] local.INFO: Admin admin accesses to the list surveys page.  
[2017-10-06 14:35:10] local.ERROR: Illuminate\Routing\Exceptions\UrlGenerationException: Missing required parameters for [Route: survey.statistic] [URI: survey/{id}/statistic/category/{cat_id}]. in D:\KLTN\UETSurvey\vendor\laravel\framework\src\Illuminate\Routing\Exceptions\UrlGenerationException.php:17
Stack trace:
#0 D:\KLTN\UETSurvey\vendor\laravel\framework\src\Illuminate\Routing\RouteUrlGenerator.php(90): Illuminate\Routing\Exceptions\UrlGenerationException::forMissingParameters(Object(Illuminate\Routing\Route))
#1 D:\KLTN\UETSurvey\vendor\laravel\framework\src\Illuminate\Routing\UrlGenerator.php(320): Illuminate\Routing\RouteUrlGenerator->to(Object(Illuminate\Routing\Route), Array, true)
#2 D:\KLTN\UETSurvey\vendor\laravel\framework\src\Illuminate\Routing\UrlGenerator.php(301): Illuminate\Routing\UrlGenerator->toRoute(Object(Illuminate\Routing\Route), 1, true)
#3 D:\KLTN\UETSurvey\vendor\laravel\framework\src\Illuminate\Foundation\helpers.php(709): Illuminate\Routing\UrlGenerator->route('survey.statisti...', 1, true)
#4 D:\KLTN\UETSurvey\storage\framework\views\2c163c0a88bab431449f390db8bd74f24839ade2.php(36): route('survey.statisti...', 1)
#5 D:\KLTN\UETSurvey\vendor\laravel\framework\src\Illuminate\View\Engines\PhpEngine.php(42): include('D:\\KLTN\\UETSurv...')
#6 D:\KLTN\UETSurvey\vendor\laravel\framework\src\Illuminate\View\Engines\CompilerEngine.php(59): Illuminate\View\Engines\PhpEngine->evaluatePath('D:\\KLTN\\UETSurv...', Array)
#7 D:\KLTN\UETSurvey\vendor\laravel\framework\src\Illuminate\View\View.php(137): Illuminate\View\Engines\CompilerEngine->get('D:\\KLTN\\UETSurv...', Array)
#8 D:\KLTN\UETSurvey\vendor\laravel\framework\src\Illuminate\View\View.php(120): Illuminate\View\View->getContents()
#9 D:\KLTN\UETSurvey\vendor\laravel\framework\src\Illuminate\View\View.php(85): Illuminate\View\View->renderContents()
#10 D:\KLTN\UETSurvey\vendor\laravel\framework\src\Illuminate\Http\Response.php(38): Illuminate\View\View->render()
#11 D:\KLTN\UETSurvey\vendor\symfony\http-foundation\Response.php(201): Illuminate\Http\Response->setContent(Object(Illuminate\View\View))
#12 D:\KLTN\UETSurvey\vendor\laravel\framework\src\Illuminate\Routing\Router.php(615): Symfony\Component\HttpFoundation\Response->__construct(Object(Illuminate\View\View))
#13 D:\KLTN\UETSurvey\vendor\laravel\framework\src\Illuminate\Routing\Router.php(572): Illuminate\Routing\Router->prepareResponse(Object(Illuminate\Http\Request), Object(Illuminate\View\View))
#14 D:\KLTN\UETSurvey\vendor\laravel\framework\src\Illuminate\Routing\Pipeline.php(30): Illuminate\Routing\Router->Illuminate\Routing\{closure}(Object(Illuminate\Http\Request))
#15 D:\KLTN\UETSurvey\app\Http\Middleware\CheckAuth.php(27): Illuminate\Routing\Pipeline->Illuminate\Routing\{closure}(Object(Illuminate\Http\Request))
#16 D:\KLTN\UETSurvey\vendor\laravel\framework\src\Illuminate\Pipeline\Pipeline.php(148): App\Http\Middleware\CheckAuth->handle(Object(Illuminate\Http\Request), Object(Closure))
#17 D:\KLTN\UETSurvey\vendor\laravel\framework\src\Illuminate\Routing\Pipeline.php(53): Illuminate\Pipeline\Pipeline->Illuminate\Pipeline\{closure}(Object(Illuminate\Http\Request))
#18 D:\KLTN\UETSurvey\vendor\laravel\framework\src\Illuminate\Routing\Middleware\SubstituteBindings.php(41): Illuminate\Routing\Pipeline->Illuminate\Routing\{closure}(Object(Illuminate\Http\Request))
#19 D:\KLTN\UETSurvey\vendor\laravel\framework\src\Illuminate\Pipeline\Pipeline.php(148): Illuminate\Routing\Middleware\SubstituteBindings->handle(Object(Illuminate\Http\Request), Object(Closure))
#20 D:\KLTN\UETSurvey\vendor\laravel\framework\src\Illuminate\Routing\Pipeline.php(53): Illuminate\Pipeline\Pipeline->Illuminate\Pipeline\{closure}(Object(Illuminate\Http\Request))
#21 D:\KLTN\UETSurvey\vendor\laravel\framework\src\Illuminate\Foundation\Http\Middleware\VerifyCsrfToken.php(65): Illuminate\Routing\Pipeline->Illuminate\Routing\{closure}(Object(Illuminate\Http\Request))
#22 D:\KLTN\UETSurvey\vendor\laravel\framework\src\Illuminate\Pipeline\Pipeline.php(148): Illuminate\Foundation\Http\Middleware\VerifyCsrfToken->handle(Object(Illuminate\Http\Request), Object(Closure))
#23 D:\KLTN\UETSurvey\vendor\laravel\framework\src\Illuminate\Routing\Pipeline.php(53): Illuminate\Pipeline\Pipeline->Illuminate\Pipeline\{closure}(Object(Illuminate\Http\Request))
#24 D:\KLTN\UETSurvey\vendor\laravel\framework\src\Illuminate\View\Middleware\ShareErrorsFromSession.php(49): Illuminate\Routing\Pipeline->Illuminate\Routing\{closure}(Object(Illuminate\Http\Request))
#25 D:\KLTN\UETSurvey\vendor\laravel\framework\src\Illuminate\Pipeline\Pipeline.php(148): Illuminate\View\Middleware\ShareErrorsFromSession->handle(Object(Illuminate\Http\Request), Object(Closure))
#26 D:\KLTN\UETSurvey\vendor\laravel\framework\src\Illuminate\Routing\Pipeline.php(53): Illuminate\Pipeline\Pipeline->Illuminate\Pipeline\{closure}(Object(Illuminate\Http\Request))
#27 D:\KLTN\UETSurvey\vendor\laravel\framework\src\Illuminate\Session\Middleware\StartSession.php(64): Illuminate\Routing\Pipeline->Illuminate\Routing\{closure}(Object(Illuminate\Http\Request))
#28 D:\KLTN\UETSurvey\vendor\laravel\framework\src\Illuminate\Pipeline\Pipeline.php(148): Illuminate\Session\Middleware\StartSession->handle(Object(Illuminate\Http\Request), Object(Closure))
#29 D:\KLTN\UETSurvey\vendor\laravel\framework\src\Illuminate\Routing\Pipeline.php(53): Illuminate\Pipeline\Pipeline->Illuminate\Pipeline\{closure}(Object(Illuminate\Http\Request))
#30 D:\KLTN\UETSurvey\vendor\laravel\framework\src\Illuminate\Cookie\Middleware\AddQueuedCookiesToResponse.php(37): Illuminate\Routing\Pipeline->Illuminate\Routing\{closure}(Object(Illuminate\Http\Request))
#31 D:\KLTN\UETSurvey\vendor\laravel\framework\src\Illuminate\Pipeline\Pipeline.php(148): Illuminate\Cookie\Middleware\AddQueuedCookiesToResponse->handle(Object(Illuminate\Http\Request), Object(Closure))
#32 D:\KLTN\UETSurvey\vendor\laravel\framework\src\Illuminate\Routing\Pipeline.php(53): Illuminate\Pipeline\Pipeline->Illuminate\Pipeline\{closure}(Object(Illuminate\Http\Request))
#33 D:\KLTN\UETSurvey\vendor\laravel\framework\src\Illuminate\Cookie\Middleware\EncryptCookies.php(59): Illuminate\Routing\Pipeline->Illuminate\Routing\{closure}(Object(Illuminate\Http\Request))
#34 D:\KLTN\UETSurvey\vendor\laravel\framework\src\Illuminate\Pipeline\Pipeline.php(148): Illuminate\Cookie\Middleware\EncryptCookies->handle(Object(Illuminate\Http\Request), Object(Closure))
#35 D:\KLTN\UETSurvey\vendor\laravel\framework\src\Illuminate\Routing\Pipeline.php(53): Illuminate\Pipeline\Pipeline->Illuminate\Pipeline\{closure}(Object(Illuminate\Http\Request))
#36 D:\KLTN\UETSurvey\vendor\laravel\framework\src\Illuminate\Pipeline\Pipeline.php(102): Illuminate\Routing\Pipeline->Illuminate\Routing\{closure}(Object(Illuminate\Http\Request))
#37 D:\KLTN\UETSurvey\vendor\laravel\framework\src\Illuminate\Routing\Router.php(574): Illuminate\Pipeline\Pipeline->then(Object(Closure))
#38 D:\KLTN\UETSurvey\vendor\laravel\framework\src\Illuminate\Routing\Router.php(533): Illuminate\Routing\Router->runRouteWithinStack(Object(Illuminate\Routing\Route), Object(Illuminate\Http\Request))
#39 D:\KLTN\UETSurvey\vendor\laravel\framework\src\Illuminate\Routing\Router.php(511): Illuminate\Routing\Router->dispatchToRoute(Object(Illuminate\Http\Request))
#40 D:\KLTN\UETSurvey\vendor\laravel\framework\src\Illuminate\Foundation\Http\Kernel.php(176): Illuminate\Routing\Router->dispatch(Object(Illuminate\Http\Request))
#41 D:\KLTN\UETSurvey\vendor\laravel\framework\src\Illuminate\Routing\Pipeline.php(30): Illuminate\Foundation\Http\Kernel->Illuminate\Foundation\Http\{closure}(Object(Illuminate\Http\Request))
#42 D:\KLTN\UETSurvey\vendor\laravel\framework\src\Illuminate\Foundation\Http\Middleware\TransformsRequest.php(30): Illuminate\Routing\Pipeline->Illuminate\Routing\{closure}(Object(Illuminate\Http\Request))
#43 D:\KLTN\UETSurvey\vendor\laravel\framework\src\Illuminate\Pipeline\Pipeline.php(148): Illuminate\Foundation\Http\Middleware\TransformsRequest->handle(Object(Illuminate\Http\Request), Object(Closure))
#44 D:\KLTN\UETSurvey\vendor\laravel\framework\src\Illuminate\Routing\Pipeline.php(53): Illuminate\Pipeline\Pipeline->Illuminate\Pipeline\{closure}(Object(Illuminate\Http\Request))
#45 D:\KLTN\UETSurvey\vendor\laravel\framework\src\Illuminate\Foundation\Http\Middleware\TransformsRequest.php(30): Illuminate\Routing\Pipeline->Illuminate\Routing\{closure}(Object(Illuminate\Http\Request))
#46 D:\KLTN\UETSurvey\vendor\laravel\framework\src\Illuminate\Pipeline\Pipeline.php(148): Illuminate\Foundation\Http\Middleware\TransformsRequest->handle(Object(Illuminate\Http\Request), Object(Closure))
#47 D:\KLTN\UETSurvey\vendor\laravel\framework\src\Illuminate\Routing\Pipeline.php(53): Illuminate\Pipeline\Pipeline->Illuminate\Pipeline\{closure}(Object(Illuminate\Http\Request))
#48 D:\KLTN\UETSurvey\vendor\laravel\framework\src\Illuminate\Foundation\Http\Middleware\ValidatePostSize.php(27): Illuminate\Routing\Pipeline->Illuminate\Routing\{closure}(Object(Illuminate\Http\Request))
#49 D:\KLTN\UETSurvey\vendor\laravel\framework\src\Illuminate\Pipeline\Pipeline.php(148): Illuminate\Foundation\Http\Middleware\ValidatePostSize->handle(Object(Illuminate\Http\Request), Object(Closure))
#50 D:\KLTN\UETSurvey\vendor\laravel\framework\src\Illuminate\Routing\Pipeline.php(53): Illuminate\Pipeline\Pipeline->Illuminate\Pipeline\{closure}(Object(Illuminate\Http\Request))
#51 D:\KLTN\UETSurvey\vendor\laravel\framework\src\Illuminate\Foundation\Http\Middleware\CheckForMaintenanceMode.php(46): Illuminate\Routing\Pipeline->Illuminate\Routing\{closure}(Object(Illuminate\Http\Request))
#52 D:\KLTN\UETSurvey\vendor\laravel\framework\src\Illuminate\Pipeline\Pipeline.php(148): Illuminate\Foundation\Http\Middleware\CheckForMaintenanceMode->handle(Object(Illuminate\Http\Request), Object(Closure))
#53 D:\KLTN\UETSurvey\vendor\laravel\framework\src\Illuminate\Routing\Pipeline.php(53): Illuminate\Pipeline\Pipeline->Illuminate\Pipeline\{closure}(Object(Illuminate\Http\Request))
#54 D:\KLTN\UETSurvey\vendor\laravel\framework\src\Illuminate\Pipeline\Pipeline.php(102): Illuminate\Routing\Pipeline->Illuminate\Routing\{closure}(Object(Illuminate\Http\Request))
#55 D:\KLTN\UETSurvey\vendor\laravel\framework\src\Illuminate\Foundation\Http\Kernel.php(151): Illuminate\Pipeline\Pipeline->then(Object(Closure))
#56 D:\KLTN\UETSurvey\vendor\laravel\framework\src\Illuminate\Foundation\Http\Kernel.php(116): Illuminate\Foundation\Http\Kernel->sendRequestThroughRouter(Object(Illuminate\Http\Request))
#57 D:\KLTN\UETSurvey\public\index.php(53): Illuminate\Foundation\Http\Kernel->handle(Object(Illuminate\Http\Request))
#58 {main}

Next ErrorException: Missing required parameters for [Route: survey.statistic] [URI: survey/{id}/statistic/category/{cat_id}]. (View: D:\KLTN\UETSurvey\resources\views\admin\survey\list.blade.php) in D:\KLTN\UETSurvey\vendor\laravel\framework\src\Illuminate\Routing\Exceptions\UrlGenerationException.php:17
Stack trace:
#0 D:\KLTN\UETSurvey\vendor\laravel\framework\src\Illuminate\View\Engines\PhpEngine.php(44): Illuminate\View\Engines\CompilerEngine->handleViewException(Object(Illuminate\Routing\Exceptions\UrlGenerationException), 1)
#1 D:\KLTN\UETSurvey\vendor\laravel\framework\src\Illuminate\View\Engines\CompilerEngine.php(59): Illuminate\View\Engines\PhpEngine->evaluatePath('D:\\KLTN\\UETSurv...', Array)
#2 D:\KLTN\UETSurvey\vendor\laravel\framework\src\Illuminate\View\View.php(137): Illuminate\View\Engines\CompilerEngine->get('D:\\KLTN\\UETSurv...', Array)
#3 D:\KLTN\UETSurvey\vendor\laravel\framework\src\Illuminate\View\View.php(120): Illuminate\View\View->getContents()
#4 D:\KLTN\UETSurvey\vendor\laravel\framework\src\Illuminate\View\View.php(85): Illuminate\View\View->renderContents()
#5 D:\KLTN\UETSurvey\vendor\laravel\framework\src\Illuminate\Http\Response.php(38): Illuminate\View\View->render()
#6 D:\KLTN\UETSurvey\vendor\symfony\http-foundation\Response.php(201): Illuminate\Http\Response->setContent(Object(Illuminate\View\View))
#7 D:\KLTN\UETSurvey\vendor\laravel\framework\src\Illuminate\Routing\Router.php(615): Symfony\Component\HttpFoundation\Response->__construct(Object(Illuminate\View\View))
#8 D:\KLTN\UETSurvey\vendor\laravel\framework\src\Illuminate\Routing\Router.php(572): Illuminate\Routing\Router->prepareResponse(Object(Illuminate\Http\Request), Object(Illuminate\View\View))
#9 D:\KLTN\UETSurvey\vendor\laravel\framework\src\Illuminate\Routing\Pipeline.php(30): Illuminate\Routing\Router->Illuminate\Routing\{closure}(Object(Illuminate\Http\Request))
#10 D:\KLTN\UETSurvey\app\Http\Middleware\CheckAuth.php(27): Illuminate\Routing\Pipeline->Illuminate\Routing\{closure}(Object(Illuminate\Http\Request))
#11 D:\KLTN\UETSurvey\vendor\laravel\framework\src\Illuminate\Pipeline\Pipeline.php(148): App\Http\Middleware\CheckAuth->handle(Object(Illuminate\Http\Request), Object(Closure))
#12 D:\KLTN\UETSurvey\vendor\laravel\framework\src\Illuminate\Routing\Pipeline.php(53): Illuminate\Pipeline\Pipeline->Illuminate\Pipeline\{closure}(Object(Illuminate\Http\Request))
#13 D:\KLTN\UETSurvey\vendor\laravel\framework\src\Illuminate\Routing\Middleware\SubstituteBindings.php(41): Illuminate\Routing\Pipeline->Illuminate\Routing\{closure}(Object(Illuminate\Http\Request))
#14 D:\KLTN\UETSurvey\vendor\laravel\framework\src\Illuminate\Pipeline\Pipeline.php(148): Illuminate\Routing\Middleware\SubstituteBindings->handle(Object(Illuminate\Http\Request), Object(Closure))
#15 D:\KLTN\UETSurvey\vendor\laravel\framework\src\Illuminate\Routing\Pipeline.php(53): Illuminate\Pipeline\Pipeline->Illuminate\Pipeline\{closure}(Object(Illuminate\Http\Request))
#16 D:\KLTN\UETSurvey\vendor\laravel\framework\src\Illuminate\Foundation\Http\Middleware\VerifyCsrfToken.php(65): Illuminate\Routing\Pipeline->Illuminate\Routing\{closure}(Object(Illuminate\Http\Request))
#17 D:\KLTN\UETSurvey\vendor\laravel\framework\src\Illuminate\Pipeline\Pipeline.php(148): Illuminate\Foundation\Http\Middleware\VerifyCsrfToken->handle(Object(Illuminate\Http\Request), Object(Closure))
#18 D:\KLTN\UETSurvey\vendor\laravel\framework\src\Illuminate\Routing\Pipeline.php(53): Illuminate\Pipeline\Pipeline->Illuminate\Pipeline\{closure}(Object(Illuminate\Http\Request))
#19 D:\KLTN\UETSurvey\vendor\laravel\framework\src\Illuminate\View\Middleware\ShareErrorsFromSession.php(49): Illuminate\Routing\Pipeline->Illuminate\Routing\{closure}(Object(Illuminate\Http\Request))
#20 D:\KLTN\UETSurvey\vendor\laravel\framework\src\Illuminate\Pipeline\Pipeline.php(148): Illuminate\View\Middleware\ShareErrorsFromSession->handle(Object(Illuminate\Http\Request), Object(Closure))
#21 D:\KLTN\UETSurvey\vendor\laravel\framework\src\Illuminate\Routing\Pipeline.php(53): Illuminate\Pipeline\Pipeline->Illuminate\Pipeline\{closure}(Object(Illuminate\Http\Request))
#22 D:\KLTN\UETSurvey\vendor\laravel\framework\src\Illuminate\Session\Middleware\StartSession.php(64): Illuminate\Routing\Pipeline->Illuminate\Routing\{closure}(Object(Illuminate\Http\Request))
#23 D:\KLTN\UETSurvey\vendor\laravel\framework\src\Illuminate\Pipeline\Pipeline.php(148): Illuminate\Session\Middleware\StartSession->handle(Object(Illuminate\Http\Request), Object(Closure))
#24 D:\KLTN\UETSurvey\vendor\laravel\framework\src\Illuminate\Routing\Pipeline.php(53): Illuminate\Pipeline\Pipeline->Illuminate\Pipeline\{closure}(Object(Illuminate\Http\Request))
#25 D:\KLTN\UETSurvey\vendor\laravel\framework\src\Illuminate\Cookie\Middleware\AddQueuedCookiesToResponse.php(37): Illuminate\Routing\Pipeline->Illuminate\Routing\{closure}(Object(Illuminate\Http\Request))
#26 D:\KLTN\UETSurvey\vendor\laravel\framework\src\Illuminate\Pipeline\Pipeline.php(148): Illuminate\Cookie\Middleware\AddQueuedCookiesToResponse->handle(Object(Illuminate\Http\Request), Object(Closure))
#27 D:\KLTN\UETSurvey\vendor\laravel\framework\src\Illuminate\Routing\Pipeline.php(53): Illuminate\Pipeline\Pipeline->Illuminate\Pipeline\{closure}(Object(Illuminate\Http\Request))
#28 D:\KLTN\UETSurvey\vendor\laravel\framework\src\Illuminate\Cookie\Middleware\EncryptCookies.php(59): Illuminate\Routing\Pipeline->Illuminate\Routing\{closure}(Object(Illuminate\Http\Request))
#29 D:\KLTN\UETSurvey\vendor\laravel\framework\src\Illuminate\Pipeline\Pipeline.php(148): Illuminate\Cookie\Middleware\EncryptCookies->handle(Object(Illuminate\Http\Request), Object(Closure))
#30 D:\KLTN\UETSurvey\vendor\laravel\framework\src\Illuminate\Routing\Pipeline.php(53): Illuminate\Pipeline\Pipeline->Illuminate\Pipeline\{closure}(Object(Illuminate\Http\Request))
#31 D:\KLTN\UETSurvey\vendor\laravel\framework\src\Illuminate\Pipeline\Pipeline.php(102): Illuminate\Routing\Pipeline->Illuminate\Routing\{closure}(Object(Illuminate\Http\Request))
#32 D:\KLTN\UETSurvey\vendor\laravel\framework\src\Illuminate\Routing\Router.php(574): Illuminate\Pipeline\Pipeline->then(Object(Closure))
#33 D:\KLTN\UETSurvey\vendor\laravel\framework\src\Illuminate\Routing\Router.php(533): Illuminate\Routing\Router->runRouteWithinStack(Object(Illuminate\Routing\Route), Object(Illuminate\Http\Request))
#34 D:\KLTN\UETSurvey\vendor\laravel\framework\src\Illuminate\Routing\Router.php(511): Illuminate\Routing\Router->dispatchToRoute(Object(Illuminate\Http\Request))
#35 D:\KLTN\UETSurvey\vendor\laravel\framework\src\Illuminate\Foundation\Http\Kernel.php(176): Illuminate\Routing\Router->dispatch(Object(Illuminate\Http\Request))
#36 D:\KLTN\UETSurvey\vendor\laravel\framework\src\Illuminate\Routing\Pipeline.php(30): Illuminate\Foundation\Http\Kernel->Illuminate\Foundation\Http\{closure}(Object(Illuminate\Http\Request))
#37 D:\KLTN\UETSurvey\vendor\laravel\framework\src\Illuminate\Foundation\Http\Middleware\TransformsRequest.php(30): Illuminate\Routing\Pipeline->Illuminate\Routing\{closure}(Object(Illuminate\Http\Request))
#38 D:\KLTN\UETSurvey\vendor\laravel\framework\src\Illuminate\Pipeline\Pipeline.php(148): Illuminate\Foundation\Http\Middleware\TransformsRequest->handle(Object(Illuminate\Http\Request), Object(Closure))
#39 D:\KLTN\UETSurvey\vendor\laravel\framework\src\Illuminate\Routing\Pipeline.php(53): Illuminate\Pipeline\Pipeline->Illuminate\Pipeline\{closure}(Object(Illuminate\Http\Request))
#40 D:\KLTN\UETSurvey\vendor\laravel\framework\src\Illuminate\Foundation\Http\Middleware\TransformsRequest.php(30): Illuminate\Routing\Pipeline->Illuminate\Routing\{closure}(Object(Illuminate\Http\Request))
#41 D:\KLTN\UETSurvey\vendor\laravel\framework\src\Illuminate\Pipeline\Pipeline.php(148): Illuminate\Foundation\Http\Middleware\TransformsRequest->handle(Object(Illuminate\Http\Request), Object(Closure))
#42 D:\KLTN\UETSurvey\vendor\laravel\framework\src\Illuminate\Routing\Pipeline.php(53): Illuminate\Pipeline\Pipeline->Illuminate\Pipeline\{closure}(Object(Illuminate\Http\Request))
#43 D:\KLTN\UETSurvey\vendor\laravel\framework\src\Illuminate\Foundation\Http\Middleware\ValidatePostSize.php(27): Illuminate\Routing\Pipeline->Illuminate\Routing\{closure}(Object(Illuminate\Http\Request))
#44 D:\KLTN\UETSurvey\vendor\laravel\framework\src\Illuminate\Pipeline\Pipeline.php(148): Illuminate\Foundation\Http\Middleware\ValidatePostSize->handle(Object(Illuminate\Http\Request), Object(Closure))
#45 D:\KLTN\UETSurvey\vendor\laravel\framework\src\Illuminate\Routing\Pipeline.php(53): Illuminate\Pipeline\Pipeline->Illuminate\Pipeline\{closure}(Object(Illuminate\Http\Request))
#46 D:\KLTN\UETSurvey\vendor\laravel\framework\src\Illuminate\Foundation\Http\Middleware\CheckForMaintenanceMode.php(46): Illuminate\Routing\Pipeline->Illuminate\Routing\{closure}(Object(Illuminate\Http\Request))
#47 D:\KLTN\UETSurvey\vendor\laravel\framework\src\Illuminate\Pipeline\Pipeline.php(148): Illuminate\Foundation\Http\Middleware\CheckForMaintenanceMode->handle(Object(Illuminate\Http\Request), Object(Closure))
#48 D:\KLTN\UETSurvey\vendor\laravel\framework\src\Illuminate\Routing\Pipeline.php(53): Illuminate\Pipeline\Pipeline->Illuminate\Pipeline\{closure}(Object(Illuminate\Http\Request))
#49 D:\KLTN\UETSurvey\vendor\laravel\framework\src\Illuminate\Pipeline\Pipeline.php(102): Illuminate\Routing\Pipeline->Illuminate\Routing\{closure}(Object(Illuminate\Http\Request))
#50 D:\KLTN\UETSurvey\vendor\laravel\framework\src\Illuminate\Foundation\Http\Kernel.php(151): Illuminate\Pipeline\Pipeline->then(Object(Closure))
#51 D:\KLTN\UETSurvey\vendor\laravel\framework\src\Illuminate\Foundation\Http\Kernel.php(116): Illuminate\Foundation\Http\Kernel->sendRequestThroughRouter(Object(Illuminate\Http\Request))
#52 D:\KLTN\UETSurvey\public\index.php(53): Illuminate\Foundation\Http\Kernel->handle(Object(Illuminate\Http\Request))
#53 {main}  
[2017-10-06 14:35:43] local.INFO: Admin admin accesses to the list surveys page.  
[2017-10-06 14:35:45] local.INFO: Admin admin accesses to statistic page of 
Khảo sát môn học cuối học kỳ .  
[2017-10-06 14:35:52] local.INFO: Admin admin accesses to list subjects page of Khoa Điện Tử Viễn Thông .  
[2017-10-06 14:35:55] local.INFO: Admin admin accesses to list subjects page of Khoa Điện Tử Viễn Thông .  
[2017-10-06 14:35:59] local.INFO: Admin admin accesses to the list surveys page.  
[2017-10-06 14:36:01] local.INFO: Admin admin accesses to statistic page of 
Khảo sát môn học cuối học kỳ .  
[2017-10-06 14:38:51] local.INFO: Admin admin accesses to statistic page of 
Khảo sát môn học cuối học kỳ .  
[2017-10-06 14:39:47] local.INFO: Admin admin accesses to statistic page of 
Khảo sát môn học cuối học kỳ .  
[2017-10-06 14:41:03] local.INFO: Admin admin accesses to statistic page of 
Khảo sát môn học cuối học kỳ .  
[2017-10-06 14:41:05] local.INFO: Admin admin accesses to statistic page of 
Khảo sát môn học cuối học kỳ .  
[2017-10-06 14:43:13] local.INFO: Admin admin accesses to statistic page of 
Khảo sát môn học cuối học kỳ .  
[2017-10-06 14:44:02] local.INFO: Admin admin accesses to list subjects page of Khoa Công Nghệ Thông Tin .  
[2017-10-06 14:44:11] local.INFO: Admin admin accesses to the list surveys page.  
[2017-10-06 14:44:17] local.INFO: Admin admin accesses to the preview page of 
Khảo sát môn học cuối học kỳ.  
[2017-10-06 14:44:23] local.INFO: Admin admin accesses to the list surveys page.  
[2017-10-06 14:44:24] local.INFO: Admin admin accesses to statistic page of 
Khảo sát môn học cuối học kỳ .  
[2017-10-06 14:45:15] local.INFO: Admin admin accesses to statistic page of 
Khảo sát môn học cuối học kỳ .  
[2017-10-06 14:46:25] local.INFO: Admin admin accesses to statistic page of 
Khảo sát môn học cuối học kỳ .  
[2017-10-06 14:55:17] local.INFO: Admin admin accesses to home page.  
[2017-10-06 14:55:24] local.INFO: Admin admin accesses to the list surveys page.  
[2017-10-06 14:55:27] local.INFO: Admin admin accesses to statistic page of 
Khảo sát môn học cuối học kỳ .  
[2017-10-06 14:56:01] local.INFO: Admin admin accesses to statistic page of 
Khảo sát môn học cuối học kỳ .  
[2017-10-06 14:56:54] local.INFO: Admin admin accesses to statistic page of 
Khảo sát môn học cuối học kỳ and Xử lý tín hiệu số .  
[2017-10-06 14:57:20] local.INFO: Admin admin accesses to statistic page of 
Khảo sát môn học cuối học kỳ and Khóa luận tốt nghiệp .  
[2017-10-06 14:57:31] local.INFO: Admin admin accesses to statistic page of 
Khảo sát môn học cuối học kỳ and Xử lý tín hiệu số .  
[2017-10-06 15:10:48] local.INFO: Admin admin accesses to home page.  
[2017-10-06 15:10:55] local.INFO: Admin admin accesses to the list surveys page.  
[2017-10-06 15:10:58] local.INFO: Admin admin accesses to the preview page of 
Khảo sát môn học cuối học kỳ.  
[2017-10-06 15:11:00] local.INFO: Admin admin accesses to the list surveys page.  
[2017-10-06 15:11:03] local.INFO: Admin admin accesses to the preview page of 
Khảo sát môn học cuối học kỳ.  
[2017-10-06 15:11:46] local.INFO: Admin admin accesses to the list surveys page.  
[2017-10-06 15:11:48] local.INFO: Admin admin accesses to statistic page of 
Khảo sát môn học cuối học kỳ .  
[2017-10-06 15:12:04] local.INFO: Admin admin accesses to statistic page of 
Khảo sát môn học cuối học kỳ and Xử lý tín hiệu số .  
[2017-10-06 15:12:42] local.INFO: Admin admin accesses to the list surveys page.  
[2017-10-06 15:12:44] local.INFO: Admin admin accesses to statistic page of 
Khảo sát môn học cuối học kỳ .  
[2017-10-06 15:16:36] local.INFO: Admin admin accesses to statistic page of 
Khảo sát môn học cuối học kỳ and Phương pháp tính trong kỹ thuật .  
[2017-10-06 15:16:48] local.INFO: Admin admin accesses to statistic page of 
Khảo sát môn học cuối học kỳ .  
[2017-10-06 15:16:58] local.INFO: Admin admin accesses to statistic page of 
Khảo sát môn học cuối học kỳ and Xử lý tín hiệu số .  
